<?xml version="1.0" encoding="UTF-8"?>
<!-- Generated by org.testng.reporters.JUnitXMLReporter -->
<testsuite ignored="0" hostname="WKWIN2064044" failures="0" tests="6" name="Surefire test" time="0.117" errors="0" timestamp="2020-01-17T15:36:42 IST">
  <testcase classname="Skillset.AppiumTest" name="MobileAutomation" time="0.004"/>
  <testcase classname="Skillset.AppiumTest" name="Mobileautomation1" time="0.001"/>
  <testcase classname="Skillset.RESTAPITest" name="RestApi1" time="0.0"/>
  <testcase classname="Skillset.RESTAPITest" name="RestApi2" time="0.001"/>
  <testcase classname="Skillset.SeleniumTest" name="BrowserAutomation" time="0.0"/>
  <testcase classname="Skillset.SeleniumTest" name="BrowserAutomation1" time="0.0"/>
</testsuite> <!-- Surefire test -->
