<?xml version="1.0" encoding="UTF-8"?>
<!-- Generated by org.testng.reporters.JUnitXMLReporter -->
<testsuite hostname="WKWIN2064044" ignored="0" name="Default test" tests="6" failures="0" timestamp="2020-01-17T15:40:47 IST" time="0.083" errors="0">
  <testcase name="MobileAutomation" time="0.009" classname="Skillset.AppiumTest"/>
  <testcase name="Mobileautomation1" time="0.001" classname="Skillset.AppiumTest"/>
  <testcase name="RestApi1" time="0.001" classname="Skillset.RESTAPITest"/>
  <testcase name="RestApi2" time="0.003" classname="Skillset.RESTAPITest"/>
  <testcase name="BrowserAutomation" time="0.002" classname="Skillset.SeleniumTest"/>
  <testcase name="BrowserAutomation1" time="0.006" classname="Skillset.SeleniumTest"/>
</testsuite> <!-- Default test -->
